<?xml version="1.0" encoding="UTF-8"?>
<!-- Generated by org.testng.reporters.JUnitXMLReporter -->
<testsuite hostname="ELW4444" ignored="0" name="Default test" tests="3" failures="0" timestamp="22 Jul 2019 10:03:30 GMT" time="0.022" errors="0">
  <testcase name="test" time="0.004" classname="com.hcs.client.TestNG"/>
  <testcase name="test1" time="0.001" classname="com.hcs.client.TestNG"/>
  <testcase name="test2" time="0.001" classname="com.hcs.client.TestNG"/>
</testsuite> <!-- Default test -->
